{"/Users/caglarfindikli/Desktop/rssnewsapp-main/client/src/hooks/useBookmarks.js": {"path":"/Users/caglarfindikli/Desktop/rssnewsapp-main/client/src/hooks/useBookmarks.js","statementMap":{"0":{"start":{"line":3,"column":21},"end":{"line":32,"column":1}},"1":{"start":{"line":4,"column":37},"end":{"line":7,"column":6}},"2":{"start":{"line":5,"column":22},"end":{"line":5,"column":59}},"3":{"start":{"line":6,"column":8},"end":{"line":6,"column":null}},"4":{"start":{"line":12,"column":45},"end":{"line":12,"column":61}},"5":{"start":{"line":14,"column":3},"end":{"line":16,"column":null}},"6":{"start":{"line":15,"column":8},"end":{"line":15,"column":null}},"7":{"start":{"line":18,"column":27},"end":{"line":24,"column":5}},"8":{"start":{"line":19,"column":8},"end":{"line":23,"column":null}},"9":{"start":{"line":20,"column":27},"end":{"line":20,"column":66}},"10":{"start":{"line":20,"column":42},"end":{"line":20,"column":65}},"11":{"start":{"line":21,"column":12},"end":{"line":21,"column":null}},"12":{"start":{"line":21,"column":24},"end":{"line":21,"column":null}},"13":{"start":{"line":21,"column":48},"end":{"line":21,"column":71}},"14":{"start":{"line":22,"column":12},"end":{"line":22,"column":null}},"15":{"start":{"line":26,"column":4},"end":{"line":31,"column":null}}},"fnMap":{"0":{"name":"(anonymous_0)","decl":{"start":{"line":3,"column":21},"end":{"line":3,"column":22}},"loc":{"start":{"line":3,"column":27},"end":{"line":32,"column":1}},"line":3},"1":{"name":"(anonymous_1)","decl":{"start":{"line":4,"column":47},"end":{"line":4,"column":48}},"loc":{"start":{"line":4,"column":53},"end":{"line":7,"column":5}},"line":4},"2":{"name":"(anonymous_2)","decl":{"start":{"line":14,"column":14},"end":{"line":14,"column":15}},"loc":{"start":{"line":14,"column":20},"end":{"line":16,"column":5}},"line":14},"3":{"name":"(anonymous_3)","decl":{"start":{"line":18,"column":27},"end":{"line":18,"column":28}},"loc":{"start":{"line":18,"column":40},"end":{"line":24,"column":5}},"line":18},"4":{"name":"(anonymous_4)","decl":{"start":{"line":19,"column":21},"end":{"line":19,"column":25}},"loc":{"start":{"line":19,"column":29},"end":{"line":23,"column":9}},"line":19},"5":{"name":"(anonymous_5)","decl":{"start":{"line":20,"column":37},"end":{"line":20,"column":38}},"loc":{"start":{"line":20,"column":42},"end":{"line":20,"column":65}},"line":20},"6":{"name":"(anonymous_6)","decl":{"start":{"line":21,"column":43},"end":{"line":21,"column":44}},"loc":{"start":{"line":21,"column":48},"end":{"line":21,"column":71}},"line":21}},"branchMap":{"0":{"loc":{"start":{"line":6,"column":15},"end":{"line":6,"column":45}},"type":"cond-expr","locations":[{"start":{"line":6,"column":23},"end":{"line":6,"column":40}},{"start":{"line":6,"column":43},"end":{"line":6,"column":45}}],"line":6},"1":{"loc":{"start":{"line":21,"column":12},"end":{"line":21,"column":null}},"type":"if","locations":[{"start":{"line":21,"column":12},"end":{"line":21,"column":null}},{"start":{},"end":{}}],"line":21}},"s":{"0":1,"1":13,"2":7,"3":7,"4":13,"5":13,"6":12,"7":13,"8":8,"9":8,"10":5,"11":8,"12":2,"13":2,"14":6,"15":13},"f":{"0":13,"1":7,"2":12,"3":8,"4":8,"5":5,"6":2},"b":{"0":[1,6],"1":[2,6]},"meta":{"lastBranch":2,"lastFunction":7,"lastStatement":16,"seen":{"s:3:21:32:1":0,"f:3:21:3:22":0,"s:4:37:7:6":1,"f:4:47:4:48":1,"s:5:22:5:59":2,"s:6:8:6:Infinity":3,"b:6:23:6:40:6:43:6:45":0,"s:12:45:12:61":4,"s:14:3:16:Infinity":5,"f:14:14:14:15":2,"s:15:8:15:Infinity":6,"s:18:27:24:5":7,"f:18:27:18:28":3,"s:19:8:23:Infinity":8,"f:19:21:19:25":4,"s:20:27:20:66":9,"f:20:37:20:38":5,"s:20:42:20:65":10,"b:21:12:21:Infinity:undefined:undefined:undefined:undefined":1,"s:21:12:21:Infinity":11,"s:21:24:21:Infinity":12,"f:21:43:21:44":6,"s:21:48:21:71":13,"s:22:12:22:Infinity":14,"s:26:4:31:Infinity":15}}}
,"/Users/caglarfindikli/Desktop/rssnewsapp-main/client/src/services/aiService.js": {"path":"/Users/caglarfindikli/Desktop/rssnewsapp-main/client/src/services/aiService.js","statementMap":{"0":{"start":{"line":6,"column":31},"end":{"line":74,"column":1}},"1":{"start":{"line":8,"column":4},"end":{"line":8,"column":null}},"2":{"start":{"line":8,"column":33},"end":{"line":8,"column":58}},"3":{"start":{"line":10,"column":4},"end":{"line":10,"column":null}},"4":{"start":{"line":10,"column":15},"end":{"line":10,"column":null}},"5":{"start":{"line":13,"column":22},"end":{"line":13,"column":57}},"6":{"start":{"line":16,"column":22},"end":{"line":16,"column":70}},"7":{"start":{"line":23,"column":26},"end":{"line":23,"column":28}},"8":{"start":{"line":26,"column":4},"end":{"line":28,"column":null}},"9":{"start":{"line":27,"column":8},"end":{"line":27,"column":null}},"10":{"start":{"line":31,"column":21},"end":{"line":31,"column":94}},"11":{"start":{"line":33,"column":4},"end":{"line":44,"column":null}},"12":{"start":{"line":33,"column":17},"end":{"line":33,"column":18}},"13":{"start":{"line":34,"column":8},"end":{"line":34,"column":null}},"14":{"start":{"line":34,"column":39},"end":{"line":34,"column":null}},"15":{"start":{"line":36,"column":25},"end":{"line":36,"column":44}},"16":{"start":{"line":38,"column":8},"end":{"line":38,"column":null}},"17":{"start":{"line":38,"column":59},"end":{"line":38,"column":null}},"18":{"start":{"line":40,"column":27},"end":{"line":40,"column":81}},"19":{"start":{"line":40,"column":46},"end":{"line":40,"column":80}},"20":{"start":{"line":41,"column":8},"end":{"line":43,"column":null}},"21":{"start":{"line":42,"column":12},"end":{"line":42,"column":null}},"22":{"start":{"line":47,"column":12},"end":{"line":47,"column":13}},"23":{"start":{"line":48,"column":4},"end":{"line":54,"column":null}},"24":{"start":{"line":49,"column":25},"end":{"line":49,"column":44}},"25":{"start":{"line":50,"column":8},"end":{"line":52,"column":null}},"26":{"start":{"line":51,"column":12},"end":{"line":51,"column":null}},"27":{"start":{"line":53,"column":8},"end":{"line":53,"column":null}},"28":{"start":{"line":59,"column":4},"end":{"line":66,"column":null}},"29":{"start":{"line":60,"column":8},"end":{"line":65,"column":null}},"30":{"start":{"line":61,"column":43},"end":{"line":61,"column":61}},"31":{"start":{"line":68,"column":4},"end":{"line":73,"column":null}}},"fnMap":{"0":{"name":"(anonymous_0)","decl":{"start":{"line":6,"column":31},"end":{"line":6,"column":36}},"loc":{"start":{"line":6,"column":71},"end":{"line":74,"column":1}},"line":6},"1":{"name":"(anonymous_1)","decl":{"start":{"line":8,"column":22},"end":{"line":8,"column":29}},"loc":{"start":{"line":8,"column":33},"end":{"line":8,"column":58}},"line":8},"2":{"name":"(anonymous_2)","decl":{"start":{"line":40,"column":41},"end":{"line":40,"column":42}},"loc":{"start":{"line":40,"column":46},"end":{"line":40,"column":80}},"line":40},"3":{"name":"(anonymous_3)","decl":{"start":{"line":61,"column":38},"end":{"line":61,"column":39}},"loc":{"start":{"line":61,"column":43},"end":{"line":61,"column":61}},"line":61}},"branchMap":{"0":{"loc":{"start":{"line":6,"column":51},"end":{"line":6,"column":66}},"type":"default-arg","locations":[{"start":{"line":6,"column":62},"end":{"line":6,"column":66}}],"line":6},"1":{"loc":{"start":{"line":10,"column":4},"end":{"line":10,"column":null}},"type":"if","locations":[{"start":{"line":10,"column":4},"end":{"line":10,"column":null}},{"start":{},"end":{}}],"line":10},"2":{"loc":{"start":{"line":10,"column":22},"end":{"line":10,"column":103}},"type":"cond-expr","locations":[{"start":{"line":10,"column":42},"end":{"line":10,"column":68}},{"start":{"line":10,"column":71},"end":{"line":10,"column":103}}],"line":10},"3":{"loc":{"start":{"line":16,"column":22},"end":{"line":16,"column":70}},"type":"binary-expr","locations":[{"start":{"line":16,"column":22},"end":{"line":16,"column":55}},{"start":{"line":16,"column":59},"end":{"line":16,"column":70}}],"line":16},"4":{"loc":{"start":{"line":26,"column":4},"end":{"line":28,"column":null}},"type":"if","locations":[{"start":{"line":26,"column":4},"end":{"line":28,"column":null}},{"start":{},"end":{}}],"line":26},"5":{"loc":{"start":{"line":34,"column":8},"end":{"line":34,"column":null}},"type":"if","locations":[{"start":{"line":34,"column":8},"end":{"line":34,"column":null}},{"start":{},"end":{}}],"line":34},"6":{"loc":{"start":{"line":38,"column":8},"end":{"line":38,"column":null}},"type":"if","locations":[{"start":{"line":38,"column":8},"end":{"line":38,"column":null}},{"start":{},"end":{}}],"line":38},"7":{"loc":{"start":{"line":38,"column":12},"end":{"line":38,"column":57}},"type":"binary-expr","locations":[{"start":{"line":38,"column":12},"end":{"line":38,"column":32}},{"start":{"line":38,"column":36},"end":{"line":38,"column":57}}],"line":38},"8":{"loc":{"start":{"line":41,"column":8},"end":{"line":43,"column":null}},"type":"if","locations":[{"start":{"line":41,"column":8},"end":{"line":43,"column":null}},{"start":{},"end":{}}],"line":41},"9":{"loc":{"start":{"line":48,"column":11},"end":{"line":48,"column":59}},"type":"binary-expr","locations":[{"start":{"line":48,"column":11},"end":{"line":48,"column":35}},{"start":{"line":48,"column":39},"end":{"line":48,"column":59}}],"line":48},"10":{"loc":{"start":{"line":50,"column":8},"end":{"line":52,"column":null}},"type":"if","locations":[{"start":{"line":50,"column":8},"end":{"line":52,"column":null}},{"start":{},"end":{}}],"line":50},"11":{"loc":{"start":{"line":50,"column":12},"end":{"line":50,"column":69}},"type":"binary-expr","locations":[{"start":{"line":50,"column":12},"end":{"line":50,"column":45}},{"start":{"line":50,"column":49},"end":{"line":50,"column":69}}],"line":50},"12":{"loc":{"start":{"line":59,"column":4},"end":{"line":66,"column":null}},"type":"if","locations":[{"start":{"line":59,"column":4},"end":{"line":66,"column":null}},{"start":{},"end":{}}],"line":59}},"s":{"0":1,"1":10,"2":10,"3":10,"4":2,"5":8,"6":8,"7":10,"8":10,"9":8,"10":8,"11":8,"12":8,"13":9,"14":0,"15":9,"16":9,"17":2,"18":7,"19":49,"20":7,"21":0,"22":9,"23":9,"24":9,"25":9,"26":2,"27":9,"28":8,"29":1,"30":2,"31":7},"f":{"0":10,"1":10,"2":49,"3":2},"b":{"0":[10],"1":[2,8],"2":[1,1],"3":[8,0],"4":[8,2],"5":[0,9],"6":[2,7],"7":[9,7],"8":[0,7],"9":[9,17],"10":[2,7],"11":[9,9],"12":[1,7]},"meta":{"lastBranch":13,"lastFunction":4,"lastStatement":32,"seen":{"s:6:31:74:1":0,"f:6:31:6:36":0,"b:6:62:6:66":0,"s:8:4:8:Infinity":1,"f:8:22:8:29":1,"s:8:33:8:58":2,"b:10:4:10:Infinity:undefined:undefined:undefined:undefined":1,"s:10:4:10:Infinity":3,"s:10:15:10:Infinity":4,"b:10:42:10:68:10:71:10:103":2,"s:13:22:13:57":5,"s:16:22:16:70":6,"b:16:22:16:55:16:59:16:70":3,"s:23:26:23:28":7,"b:26:4:28:Infinity:undefined:undefined:undefined:undefined":4,"s:26:4:28:Infinity":8,"s:27:8:27:Infinity":9,"s:31:21:31:94":10,"s:33:4:44:Infinity":11,"s:33:17:33:18":12,"b:34:8:34:Infinity:undefined:undefined:undefined:undefined":5,"s:34:8:34:Infinity":13,"s:34:39:34:Infinity":14,"s:36:25:36:44":15,"b:38:8:38:Infinity:undefined:undefined:undefined:undefined":6,"s:38:8:38:Infinity":16,"b:38:12:38:32:38:36:38:57":7,"s:38:59:38:Infinity":17,"s:40:27:40:81":18,"f:40:41:40:42":2,"s:40:46:40:80":19,"b:41:8:43:Infinity:undefined:undefined:undefined:undefined":8,"s:41:8:43:Infinity":20,"s:42:12:42:Infinity":21,"s:47:12:47:13":22,"s:48:4:54:Infinity":23,"b:48:11:48:35:48:39:48:59":9,"s:49:25:49:44":24,"b:50:8:52:Infinity:undefined:undefined:undefined:undefined":10,"s:50:8:52:Infinity":25,"b:50:12:50:45:50:49:50:69":11,"s:51:12:51:Infinity":26,"s:53:8:53:Infinity":27,"b:59:4:66:Infinity:undefined:undefined:undefined:undefined":12,"s:59:4:66:Infinity":28,"s:60:8:65:Infinity":29,"f:61:38:61:39":3,"s:61:43:61:61":30,"s:68:4:73:Infinity":31}}}
}
